State 1 conflicts: 1 shift/reduce
State 8 conflicts: 3 shift/reduce


Grammar

    0 $accept: a $end

    1 a: A N
    2  | a A
    3  | a N
    4  | a U a
    5  | A


Terminals, with rules where they appear

$end (0) 0
error (256)
A (258) 1 2 5
N (259) 1 3
U (260) 4


Nonterminals, with rules where they appear

$accept (6)
    on left: 0
a (7)
    on left: 1 2 3 4 5, on right: 0 2 3 4


state 0

    0 $accept: . a $end

    A  shift, and go to state 1

    a  go to state 2


state 1

    1 a: A . N
    5  | A .

    N  shift, and go to state 3

    N         [reduce using rule 5 (a)]
    $default  reduce using rule 5 (a)


state 2

    0 $accept: a . $end
    2 a: a . A
    3  | a . N
    4  | a . U a

    $end  shift, and go to state 4
    A     shift, and go to state 5
    N     shift, and go to state 6
    U     shift, and go to state 7


state 3

    1 a: A N .

    $default  reduce using rule 1 (a)


state 4

    0 $accept: a $end .

    $default  accept


state 5

    2 a: a A .

    $default  reduce using rule 2 (a)


state 6

    3 a: a N .

    $default  reduce using rule 3 (a)


state 7

    4 a: a U . a

    A  shift, and go to state 1

    a  go to state 8


state 8

    2 a: a . A
    3  | a . N
    4  | a . U a
    4  | a U a .

    A  shift, and go to state 5
    N  shift, and go to state 6
    U  shift, and go to state 7

    A         [reduce using rule 4 (a)]
    N         [reduce using rule 4 (a)]
    U         [reduce using rule 4 (a)]
    $default  reduce using rule 4 (a)
